-------------------------------------------------------------------------------
Test set: com.hiberus.services.PizzaWriteServiceIntegrationTest
-------------------------------------------------------------------------------
Tests run: 2, Failures: 1, Errors: 0, Skipped: 0, Time elapsed: 19.8 s <<< FAILURE! - in com.hiberus.services.PizzaWriteServiceIntegrationTest
shouldGetAllPizzas  Time elapsed: 0.226 s  <<< FAILURE!
org.opentest4j.AssertionFailedError: expected: <2> but was: <6>
	at com.hiberus.services.PizzaWriteServiceIntegrationTest.shouldGetAllPizzas(PizzaWriteServiceIntegrationTest.java:35)

